Change Component Designator: Old Designator=C11 New Designator=C?
Change Component Designator: Old Designator=C12 New Designator=C?
Change Component Designator: Old Designator=C13 New Designator=C?
Change Component Designator: Old Designator=C14 New Designator=C?
Change Component Designator: Old Designator=C15 New Designator=C?
Change Component Designator: Old Designator=C16 New Designator=C?
Change Component Designator: Old Designator=D1 New Designator=D?
Change Component Designator: Old Designator=D2 New Designator=D?
Change Component Designator: Old Designator=JP1 New Designator=JP?
Change Component Designator: Old Designator=Pad1 New Designator=Pad?
Change Component Designator: Old Designator=Pad2 New Designator=Pad?
Change Component Designator: Old Designator=Pad3 New Designator=Pad?
Change Component Designator: Old Designator=Pad4 New Designator=Pad?
Change Component Designator: Old Designator=R14 New Designator=R?
Change Component Designator: Old Designator=R15 New Designator=R?
Change Component Designator: Old Designator=R16 New Designator=R?
Change Component Designator: Old Designator=R17 New Designator=R?
Change Component Designator: Old Designator=R18 New Designator=R?
Change Component Designator: Old Designator=U9 New Designator=U?
Change Component Designator: Old Designator=Y1 New Designator=Y?
