Change Component Designator: Old Designator=C17 New Designator=C?
Change Component Designator: Old Designator=C18 New Designator=C?
Change Component Designator: Old Designator=C19 New Designator=C?
Change Component Designator: Old Designator=C20 New Designator=C?
Change Component Designator: Old Designator=C23 New Designator=C?
Change Component Designator: Old Designator=C24 New Designator=C?
Change Component Designator: Old Designator=D11 New Designator=D?
Change Component Designator: Old Designator=D12 New Designator=D?
Change Component Designator: Old Designator=JP1 New Designator=JP?
Change Component Designator: Old Designator=Pad1 New Designator=Pad?
Change Component Designator: Old Designator=Pad2 New Designator=Pad?
Change Component Designator: Old Designator=Pad3 New Designator=Pad?
Change Component Designator: Old Designator=Pad4 New Designator=Pad?
Change Component Designator: Old Designator=R90 New Designator=R?
Change Component Designator: Old Designator=R91 New Designator=R?
Change Component Designator: Old Designator=R92 New Designator=R?
Change Component Designator: Old Designator=R93 New Designator=R?
Change Component Designator: Old Designator=R94 New Designator=R?
Change Component Designator: Old Designator=U25 New Designator=U?
Change Component Designator: Old Designator=Y1 New Designator=Y?
