Removed Pin From Net: NetName=RED_LIGHT_OUT Pin=C24-1
Removed Pin From Net: NetName=24V0 Pin=C24-2
Removed Pin From Net: NetName=GREEN_LIGHT_OUT Pin=C25-1
Removed Pin From Net: NetName=24V0 Pin=C25-2
Removed Pin From Net: NetName=NetR21_1 Pin=R21-1
Removed Pin From Net: NetName=+24V Pin=R21-2
Removed Pin From Net: NetName=NetR22_1 Pin=R22-1
Removed Pin From Net: NetName=+24V Pin=R22-2
Removed Pin From Net: NetName=RED_LIGHT_IN Pin=R23-1
Removed Pin From Net: NetName=NetR23_2 Pin=R23-2
Removed Pin From Net: NetName=GREEN_LIGHT_IN Pin=R24-1
Removed Pin From Net: NetName=NetR24_2 Pin=R24-2
Removed Pin From Net: NetName=+24V Pin=U12-1
Removed Pin From Net: NetName=+24V Pin=U12-2
Removed Pin From Net: NetName=+24V Pin=U12-3
Removed Pin From Net: NetName=NetR21_1 Pin=U12-4
Removed Pin From Net: NetName=RED_LIGHT_OUT Pin=U12-5
Removed Pin From Net: NetName=RED_LIGHT_OUT Pin=U12-6
Removed Pin From Net: NetName=RED_LIGHT_OUT Pin=U12-7
Removed Pin From Net: NetName=RED_LIGHT_OUT Pin=U12-8
Removed Pin From Net: NetName=+24V Pin=U13-1
Removed Pin From Net: NetName=+24V Pin=U13-2
Removed Pin From Net: NetName=+24V Pin=U13-3
Removed Pin From Net: NetName=NetR22_1 Pin=U13-4
Removed Pin From Net: NetName=GREEN_LIGHT_OUT Pin=U13-5
Removed Pin From Net: NetName=GREEN_LIGHT_OUT Pin=U13-6
Removed Pin From Net: NetName=GREEN_LIGHT_OUT Pin=U13-7
Removed Pin From Net: NetName=GREEN_LIGHT_OUT Pin=U13-8
Added Component: Designator=C24(0805)
Added Component: Designator=C25(0805)
Added Component: Designator=R21(0805)
Added Component: Designator=R22(0805)
Added Component: Designator=R23(0805)
Added Component: Designator=R24(0805)
Added Component: Designator=U3(LQFP64)
Added Component: Designator=U12(SOP8-OP27)
Added Component: Designator=U13(SOP8-OP27)
Added Pin To Net: NetName=RED_LIGHT_OUT Pin=C24-1
Added Pin To Net: NetName=24V0 Pin=C24-2
Added Pin To Net: NetName=GREEN_LIGHT_OUT Pin=C25-1
Added Pin To Net: NetName=24V0 Pin=C25-2
Added Pin To Net: NetName=NetR21_1 Pin=R21-1
Added Pin To Net: NetName=+24V Pin=R21-2
Added Pin To Net: NetName=NetR22_1 Pin=R22-1
Added Pin To Net: NetName=+24V Pin=R22-2
Added Pin To Net: NetName=RED_LIGHT_IN Pin=R23-1
Added Pin To Net: NetName=NetR23_2 Pin=R23-2
Added Pin To Net: NetName=GREEN_LIGHT_IN Pin=R24-1
Added Pin To Net: NetName=NetR24_2 Pin=R24-2
Added Pin To Net: NetName=NetD2_2 Pin=U3-1
Added Pin To Net: NetName=NetC12_2 Pin=U3-5
Added Pin To Net: NetName=NetC13_2 Pin=U3-6
Added Pin To Net: NetName=NetR6_2 Pin=U3-7
Added Pin To Net: NetName=PM2 Pin=U3-9
Added Pin To Net: NetName=PM3 Pin=U3-10
Added Pin To Net: NetName=ERR11_OUT Pin=U3-11
Added Pin To Net: NetName=GND Pin=U3-12
Added Pin To Net: NetName=+3.3V Pin=U3-13
Added Pin To Net: NetName=LED_TEST Pin=U3-15
Added Pin To Net: NetName=NET_RST Pin=U3-16
Added Pin To Net: NetName=RED_LIGHT_IN Pin=U3-17
Added Pin To Net: NetName=GND Pin=U3-18
Added Pin To Net: NetName=+3.3V Pin=U3-19
Added Pin To Net: NetName=GREEN_LIGHT_IN Pin=U3-20
Added Pin To Net: NetName=STOP_KEY_OUT Pin=U3-21
Added Pin To Net: NetName=START_KEY_OUT Pin=U3-22
Added Pin To Net: NetName=CPU_CONTROL_ROLL Pin=U3-23
Added Pin To Net: NetName=PRINTER_RESTART_IN Pin=U3-24
Added Pin To Net: NetName=PRINTER_START_IN Pin=U3-25
Added Pin To Net: NetName=SCANNER_OUT Pin=U3-26
Added Pin To Net: NetName=FLUID_BAG_OUT Pin=U3-27
Added Pin To Net: NetName=NetR7_2 Pin=U3-28
Added Pin To Net: NetName=PRINTER_COLOR_LESS_OUT Pin=U3-29
Added Pin To Net: NetName=PRINTER_INLINE_OUT Pin=U3-30
Added Pin To Net: NetName=GND Pin=U3-31
Added Pin To Net: NetName=+3.3V Pin=U3-32
Added Pin To Net: NetName=PRINTER_COLOR_END_OUT Pin=U3-33
Added Pin To Net: NetName=PRINTER_ERR_OUT Pin=U3-34
Added Pin To Net: NetName=PRINTER_END_OUT Pin=U3-35
Added Pin To Net: NetName=PRINTER_TAG_END_OUT Pin=U3-36
Added Pin To Net: NetName=UPPER_REACH_OUT Pin=U3-37
Added Pin To Net: NetName=BAFFLE_INTER_OUT Pin=U3-38
Added Pin To Net: NetName=BAFFLE_OUTER_OUT Pin=U3-39
Added Pin To Net: NetName=FIT_REACH_OUT Pin=U3-40
Added Pin To Net: NetName=USART1_TXD Pin=U3-42
Added Pin To Net: NetName=USART1_RXD Pin=U3-43
Added Pin To Net: NetName=TMS/SWDIO Pin=U3-46
Added Pin To Net: NetName=GND Pin=U3-47
Added Pin To Net: NetName=+3.3V Pin=U3-48
Added Pin To Net: NetName=TCK/SWCLK Pin=U3-49
Added Pin To Net: NetName=BAFFLE_IN Pin=U3-51
Added Pin To Net: NetName=AIR_BLOW_IN Pin=U3-52
Added Pin To Net: NetName=AIR_CYLINDER_IN Pin=U3-53
Added Pin To Net: NetName=VACUUM_IN Pin=U3-54
Added Pin To Net: NetName=SPEED12_IN Pin=U3-58
Added Pin To Net: NetName=SPEED11_IN Pin=U3-59
Added Pin To Net: NetName=NetR4_2 Pin=U3-60
Added Pin To Net: NetName=DIR11_IN Pin=U3-61
Added Pin To Net: NetName=SPEED13_IN Pin=U3-62
Added Pin To Net: NetName=GND Pin=U3-63
Added Pin To Net: NetName=+3.3V Pin=U3-64
Added Pin To Net: NetName=+24V Pin=U12-1
Added Pin To Net: NetName=+24V Pin=U12-2
Added Pin To Net: NetName=+24V Pin=U12-3
Added Pin To Net: NetName=NetR21_1 Pin=U12-4
Added Pin To Net: NetName=RED_LIGHT_OUT Pin=U12-5
Added Pin To Net: NetName=RED_LIGHT_OUT Pin=U12-6
Added Pin To Net: NetName=RED_LIGHT_OUT Pin=U12-7
Added Pin To Net: NetName=RED_LIGHT_OUT Pin=U12-8
Added Pin To Net: NetName=+24V Pin=U13-1
Added Pin To Net: NetName=+24V Pin=U13-2
Added Pin To Net: NetName=+24V Pin=U13-3
Added Pin To Net: NetName=NetR22_1 Pin=U13-4
Added Pin To Net: NetName=GREEN_LIGHT_OUT Pin=U13-5
Added Pin To Net: NetName=GREEN_LIGHT_OUT Pin=U13-6
Added Pin To Net: NetName=GREEN_LIGHT_OUT Pin=U13-7
Added Pin To Net: NetName=GREEN_LIGHT_OUT Pin=U13-8
Added Member To Class: ClassName=cpu Member=Component U3 STM32F103RBT6
