Change Component Designator: Old Designator=C? New Designator=C46
Change Component Designator: Old Designator=C? New Designator=C47
Change Component Designator: Old Designator=C? New Designator=C48
Change Component Designator: Old Designator=CH? New Designator=CH9
Change Component Designator: Old Designator=CH? New Designator=CH10
Change Component Designator: Old Designator=CH? New Designator=CH11
Change Component Designator: Old Designator=D? New Designator=D3
Change Component Designator: Old Designator=D? New Designator=D4
Change Component Designator: Old Designator=Q? New Designator=Q1
Change Component Designator: Old Designator=Q? New Designator=Q2
Change Component Designator: Old Designator=R? New Designator=R57
Change Component Designator: Old Designator=R? New Designator=R58
Change Component Designator: Old Designator=R? New Designator=R59
Change Component Designator: Old Designator=R? New Designator=R60
Change Component Designator: Old Designator=R? New Designator=R61
Change Component Designator: Old Designator=R? New Designator=R62
Change Component Designator: Old Designator=R? New Designator=R63
Change Component Designator: Old Designator=R? New Designator=R64
Change Component Designator: Old Designator=R? New Designator=R65
Change Component Designator: Old Designator=U? New Designator=U24
Change Component Designator: Old Designator=U? New Designator=U24
Change Component Part ID : Designator=U24 Old Part ID =1 New Part ID =3
Change Component Designator: Old Designator=U? New Designator=U24
Change Component Part ID : Designator=U24 Old Part ID =2 New Part ID =4
Change Component Designator: Old Designator=U? New Designator=U24
Change Component Part ID : Designator=U24 Old Part ID =3 New Part ID =2
Change Component Designator: Old Designator=U? New Designator=U25
